* File: ./bbone/pf9app/pf9app/pf9_app.py
  • Line: 51
  • Severity: HIGH
  • Confidence: HIGH
  • Issue: subprocess call with shell=True identified, security issue.

* File: ./janitor/janitor/__init__.py
  • Line: 64
  • Severity: HIGH
  • Confidence: HIGH
  • Issue: subprocess call with shell=True identified, security issue.

* File: ./janitor/janitor/glance_cleanup.py
  • Line: 32
  • Severity: HIGH
  • Confidence: HIGH
  • Issue: Call to requests with verify=False disabling SSL certificate checks, security issue.

* File: ./janitor/janitor/utils.py
  • Line: 30
  • Severity: HIGH
  • Confidence: HIGH
  • Issue: Call to requests with verify=False disabling SSL certificate checks, security issue.

* File: ./janitor/janitor/utils.py
  • Line: 42
  • Severity: HIGH
  • Confidence: HIGH
  • Issue: Call to requests with verify=False disabling SSL certificate checks, security issue.

* File: ./janitor/janitor/utils.py
  • Line: 54
  • Severity: HIGH
  • Confidence: HIGH
  • Issue: Call to requests with verify=False disabling SSL certificate checks, security issue.

* File: ./resmgr/resmgr/dbutils.py
  • Line: 31
  • Severity: HIGH
  • Confidence: HIGH
  • Issue: The pyCrypto library and its module AES are no longer actively maintained and have been deprecated. Consider using pyca/cryptography library.

